<?xml version="1.0" encoding="UTF-8"?>
<testsuite xmlns:xsi="http://www.w3.org/2001/XMLSchema-instance" xsi:noNamespaceSchemaLocation="https://maven.apache.org/surefire/maven-surefire-plugin/xsd/surefire-test-report-3.0.xsd" version="3.0" name="com.example.AnimalTest" time="0.277" tests="6" errors="0" skipped="0" failures="0">
  <properties>
[...]
</properties>
  <testcase name="getFamilyReturnsGenericMessageTest" classname="com.example.AnimalTest" time="0.072"/>
  <testcase name="getFoodThrowsExceptionForUnknownKindTest(String)[1]" classname="com.example.AnimalTest" time="0.042"/>
  <testcase name="getFoodThrowsExceptionForUnknownKindTest(String)[2]" classname="com.example.AnimalTest" time="0.003"/>
  <testcase name="getFoodThrowsExceptionForUnknownKindTest(String)[3]" classname="com.example.AnimalTest" time="0.005"/>
  <testcase name="getFoodForPredatorTest" classname="com.example.AnimalTest" time="0.007"/>
  <testcase name="getFoodForHerbivoreTest" classname="com.example.AnimalTest" time="0.002"/>
</testsuite>